mode: set
github.com/mgpaja8/pavs-relic/internal/application/services/companies/get_slim.go:13.73,15.16 2 1
github.com/mgpaja8/pavs-relic/internal/application/services/companies/get_slim.go:15.16,17.3 1 1
github.com/mgpaja8/pavs-relic/internal/application/services/companies/get_slim.go:19.2,21.8 1 1
github.com/mgpaja8/pavs-relic/internal/application/services/companies/service.go:11.65,12.22 1 1
github.com/mgpaja8/pavs-relic/internal/application/services/companies/service.go:12.22,13.35 1 1
github.com/mgpaja8/pavs-relic/internal/application/services/companies/service.go:16.2,18.3 1 1
github.com/mgpaja8/pavs-relic/internal/domain/models/company.go:14.50,14.65 1 1
github.com/mgpaja8/pavs-relic/internal/domain/models/company.go:15.50,15.67 1 1
github.com/mgpaja8/pavs-relic/internal/domain/models/company.go:17.65,22.2 1 1
github.com/mgpaja8/pavs-relic/internal/domain/models/customer.go:15.54,15.69 1 1
github.com/mgpaja8/pavs-relic/internal/domain/models/customer.go:16.54,16.76 1 1
github.com/mgpaja8/pavs-relic/internal/domain/models/customer.go:17.54,17.76 1 1
github.com/mgpaja8/pavs-relic/internal/domain/models/customer.go:18.54,18.75 1 1
github.com/mgpaja8/pavs-relic/internal/domain/models/customer.go:20.119,27.2 1 1
github.com/mgpaja8/pavs-relic/internal/domain/valueobjects/company_name.go:7.62,8.27 1 1
github.com/mgpaja8/pavs-relic/internal/domain/valueobjects/company_name.go:8.27,10.3 1 1
github.com/mgpaja8/pavs-relic/internal/domain/valueobjects/company_name.go:12.2,12.26 1 1
github.com/mgpaja8/pavs-relic/internal/domain/valueobjects/company_name.go:12.26,14.3 1 1
github.com/mgpaja8/pavs-relic/internal/domain/valueobjects/company_name.go:16.2,16.38 1 1
github.com/mgpaja8/pavs-relic/internal/domain/valueobjects/company_name.go:19.39,21.2 1 1
github.com/mgpaja8/pavs-relic/internal/domain/valueobjects/first_name.go:7.56,8.25 1 1
github.com/mgpaja8/pavs-relic/internal/domain/valueobjects/first_name.go:8.25,10.3 1 1
github.com/mgpaja8/pavs-relic/internal/domain/valueobjects/first_name.go:12.2,12.24 1 1
github.com/mgpaja8/pavs-relic/internal/domain/valueobjects/first_name.go:12.24,14.3 1 1
github.com/mgpaja8/pavs-relic/internal/domain/valueobjects/first_name.go:16.2,16.34 1 1
github.com/mgpaja8/pavs-relic/internal/domain/valueobjects/first_name.go:19.37,21.2 1 1
github.com/mgpaja8/pavs-relic/internal/domain/valueobjects/last_name.go:7.53,8.24 1 1
github.com/mgpaja8/pavs-relic/internal/domain/valueobjects/last_name.go:8.24,10.3 1 1
github.com/mgpaja8/pavs-relic/internal/domain/valueobjects/last_name.go:12.2,12.23 1 1
github.com/mgpaja8/pavs-relic/internal/domain/valueobjects/last_name.go:12.23,14.3 1 1
github.com/mgpaja8/pavs-relic/internal/domain/valueobjects/last_name.go:16.2,16.32 1 1
github.com/mgpaja8/pavs-relic/internal/domain/valueobjects/last_name.go:19.36,21.2 1 1
github.com/mgpaja8/pavs-relic/internal/infrastructure/persistance/in_memory/company.go:19.96,23.2 1 1
github.com/mgpaja8/pavs-relic/internal/infrastructure/persistance/in_memory/company.go:25.83,30.2 3 1
github.com/mgpaja8/pavs-relic/internal/infrastructure/persistance/in_memory/customer.go:19.99,23.2 1 1
github.com/mgpaja8/pavs-relic/internal/infrastructure/persistance/in_memory/customer.go:25.117,31.39 4 1
github.com/mgpaja8/pavs-relic/internal/infrastructure/persistance/in_memory/customer.go:31.39,32.54 1 1
github.com/mgpaja8/pavs-relic/internal/infrastructure/persistance/in_memory/customer.go:32.54,37.83 4 1
github.com/mgpaja8/pavs-relic/internal/infrastructure/persistance/in_memory/customer.go:37.83,38.13 1 1
github.com/mgpaja8/pavs-relic/internal/infrastructure/persistance/in_memory/customer.go:42.3,42.30 1 1
github.com/mgpaja8/pavs-relic/internal/infrastructure/persistance/in_memory/customer.go:42.30,43.49 1 1
github.com/mgpaja8/pavs-relic/internal/infrastructure/persistance/in_memory/customer.go:43.49,44.13 1 1
github.com/mgpaja8/pavs-relic/internal/infrastructure/persistance/in_memory/customer.go:48.3,48.36 1 1
github.com/mgpaja8/pavs-relic/internal/infrastructure/persistance/in_memory/customer.go:51.2,51.20 1 1
github.com/mgpaja8/pavs-relic/internal/infrastructure/persistance/mock/company.go:18.107,23.2 1 1
github.com/mgpaja8/pavs-relic/internal/infrastructure/persistance/mock/company.go:25.82,26.18 1 1
github.com/mgpaja8/pavs-relic/internal/infrastructure/persistance/mock/company.go:26.18,28.3 1 1
github.com/mgpaja8/pavs-relic/internal/infrastructure/persistance/mock/company.go:30.2,30.41 1 1
github.com/mgpaja8/pavs-relic/internal/infrastructure/persistance/mock/customer.go:17.110,22.2 1 1
github.com/mgpaja8/pavs-relic/internal/infrastructure/persistance/mock/customer.go:24.117,25.18 1 1
github.com/mgpaja8/pavs-relic/internal/infrastructure/persistance/mock/customer.go:25.18,27.3 1 1
github.com/mgpaja8/pavs-relic/internal/infrastructure/persistance/mock/customer.go:29.2,31.39 2 1
github.com/mgpaja8/pavs-relic/internal/infrastructure/persistance/mock/customer.go:31.39,32.54 1 1
github.com/mgpaja8/pavs-relic/internal/infrastructure/persistance/mock/customer.go:32.54,37.83 4 1
github.com/mgpaja8/pavs-relic/internal/infrastructure/persistance/mock/customer.go:37.83,38.13 1 1
github.com/mgpaja8/pavs-relic/internal/infrastructure/persistance/mock/customer.go:42.3,42.30 1 1
github.com/mgpaja8/pavs-relic/internal/infrastructure/persistance/mock/customer.go:42.30,43.49 1 1
github.com/mgpaja8/pavs-relic/internal/infrastructure/persistance/mock/customer.go:43.49,44.13 1 1
github.com/mgpaja8/pavs-relic/internal/infrastructure/persistance/mock/customer.go:48.3,48.36 1 1
github.com/mgpaja8/pavs-relic/internal/infrastructure/persistance/mock/customer.go:51.2,51.20 1 1
github.com/mgpaja8/pavs-relic/pkg/maps/map_values.go:3.52,6.26 2 1
github.com/mgpaja8/pavs-relic/pkg/maps/map_values.go:6.26,8.3 1 1
github.com/mgpaja8/pavs-relic/pkg/maps/map_values.go:10.2,10.15 1 1
